0 info it worked if it ends with ok
1 verbose cli [ '/usr/local/bin/node', '/usr/local/bin/npm', 'run', 'server' ]
2 info using npm@3.10.10
3 info using node@v6.10.3
4 verbose run-script [ 'preserver', 'server', 'postserver' ]
5 info lifecycle ng2-fundamentals-demo@1.0.0~preserver: ng2-fundamentals-demo@1.0.0
6 silly lifecycle ng2-fundamentals-demo@1.0.0~preserver: no script for preserver, continuing
7 info lifecycle ng2-fundamentals-demo@1.0.0~server: ng2-fundamentals-demo@1.0.0
8 verbose lifecycle ng2-fundamentals-demo@1.0.0~server: unsafe-perm in lifecycle true
9 verbose lifecycle ng2-fundamentals-demo@1.0.0~server: PATH: /usr/local/lib/node_modules/npm/bin/node-gyp-bin:/Users/maryana/dev/ng2-fundamentals/node_modules/.bin:/Library/Java/JavaVirtualMachines/jdk1.8.0_40.jdk/Contents/Home/bin:/usr/local/bin:/usr/local/sbin:~/bin:/usr/local/bin:/usr/bin:/bin:/usr/sbin:/sbin:/Library/Frameworks/Mono.framework/Versions/Current/Commands:/usr/local/lib/node_modules/npm/bin/node-gyp-bin:/Users/maryana/dev/ng2-fundamentals/node_modules/.bin/bin:/usr/local/sbin:~/bin
10 verbose lifecycle ng2-fundamentals-demo@1.0.0~server: CWD: /Users/maryana/dev/ng2-fundamentals
11 silly lifecycle ng2-fundamentals-demo@1.0.0~server: Args: [ '-c', 'node node_modules/ng2f-server/server.js' ]
12 silly lifecycle ng2-fundamentals-demo@1.0.0~server: Returned: code: 1  signal: null
13 info lifecycle ng2-fundamentals-demo@1.0.0~server: Failed to exec server script
14 verbose stack Error: ng2-fundamentals-demo@1.0.0 server: `node node_modules/ng2f-server/server.js`
14 verbose stack Exit status 1
14 verbose stack     at EventEmitter.<anonymous> (/usr/local/lib/node_modules/npm/lib/utils/lifecycle.js:255:16)
14 verbose stack     at emitTwo (events.js:106:13)
14 verbose stack     at EventEmitter.emit (events.js:191:7)
14 verbose stack     at ChildProcess.<anonymous> (/usr/local/lib/node_modules/npm/lib/utils/spawn.js:40:14)
14 verbose stack     at emitTwo (events.js:106:13)
14 verbose stack     at ChildProcess.emit (events.js:191:7)
14 verbose stack     at maybeClose (internal/child_process.js:886:16)
14 verbose stack     at Process.ChildProcess._handle.onexit (internal/child_process.js:226:5)
15 verbose pkgid ng2-fundamentals-demo@1.0.0
16 verbose cwd /Users/maryana/dev/ng2-fundamentals
17 error Darwin 16.4.0
18 error argv "/usr/local/bin/node" "/usr/local/bin/npm" "run" "server"
19 error node v6.10.3
20 error npm  v3.10.10
21 error code ELIFECYCLE
22 error ng2-fundamentals-demo@1.0.0 server: `node node_modules/ng2f-server/server.js`
22 error Exit status 1
23 error Failed at the ng2-fundamentals-demo@1.0.0 server script 'node node_modules/ng2f-server/server.js'.
23 error Make sure you have the latest version of node.js and npm installed.
23 error If you do, this is most likely a problem with the ng2-fundamentals-demo package,
23 error not with npm itself.
23 error Tell the author that this fails on your system:
23 error     node node_modules/ng2f-server/server.js
23 error You can get information on how to open an issue for this project with:
23 error     npm bugs ng2-fundamentals-demo
23 error Or if that isn't available, you can get their info via:
23 error     npm owner ls ng2-fundamentals-demo
23 error There is likely additional logging output above.
24 verbose exit [ 1, true ]
